<?xml version="1.0" encoding="UTF-8" ?>
<testsuite failures="0" time="0" errors="0" skipped="0" tests="6" name="mhayes.interviews.ea.EAKitchMVN.models.CardTest">
  <properties>
[...]
</properties>
  <testcase time="0" classname="mhayes.interviews.ea.EAKitchMVN.models.CardTest" name="testIsEqualValue"/>
  <testcase time="0" classname="mhayes.interviews.ea.EAKitchMVN.models.CardTest" name="testIsEqualSuit"/>
  <testcase time="0" classname="mhayes.interviews.ea.EAKitchMVN.models.CardTest" name="testIsGreaterOrEqual"/>
  <testcase time="0" classname="mhayes.interviews.ea.EAKitchMVN.models.CardTest" name="testCompareTo"/>
  <testcase time="0" classname="mhayes.interviews.ea.EAKitchMVN.models.CardTest" name="testIsEqual"/>
  <testcase time="0" classname="mhayes.interviews.ea.EAKitchMVN.models.CardTest" name="testIsGreater"/>
</testsuite>